<?xml version="1.0" encoding="UTF-8"?>
<!-- Generated by org.testng.reporters.JUnitReportReporter -->
<testsuite hostname="Naveen" failures="0" tests="2" name="com.testninjalabs.qa.testcases.Login" time="10.123" errors="0" timestamp="2023-03-28T23:30:23 IST" skipped="0">
  <testcase classname="com.testninjalabs.qa.testcases.Login" name="verifyLoginWithValidCreds" time="6.420"/>
  <system-out/>
  <testcase classname="com.testninjalabs.qa.testcases.Login" name="verifyLoginWithInvalidCreds" time="3.703"/>
  <system-out/>
</testsuite> <!-- com.testninjalabs.qa.testcases.Login -->
