<?xml version="1.0" encoding="UTF-8"?>
<!-- Generated by org.testng.reporters.JUnitReportReporter -->
<testsuite hostname="Naveen" failures="0" tests="1" name="com.testninjalabs.qa.testcases.Search" time="4.856" errors="0" timestamp="2023-04-13T22:17:04 IST" skipped="0">
  <testcase classname="com.testninjalabs.qa.testcases.Search" name="searchWithValidProduct" time="4.856"/>
  <system-out/>
</testsuite> <!-- com.testninjalabs.qa.testcases.Search -->
