<?xml version="1.0" encoding="UTF-8"?>
<!-- Generated by org.testng.reporters.JUnitReportReporter -->
<testsuite hostname="Naveen" failures="0" tests="3" name="com.testninjalabs.qa.testcases.Search" time="12.781" errors="0" timestamp="2023-05-07T10:00:11 IST" skipped="0">
  <testcase classname="com.testninjalabs.qa.testcases.Search" name="searchWithValidProduct" time="5.597"/>
  <system-out/>
  <testcase classname="com.testninjalabs.qa.testcases.Search" name="searchWithInValidProduct" time="3.599"/>
  <system-out/>
  <testcase classname="com.testninjalabs.qa.testcases.Search" name="VerifysearchWithNoProduct" time="3.585"/>
  <system-out/>
</testsuite> <!-- com.testninjalabs.qa.testcases.Search -->
