<?xml version="1.0" encoding="UTF-8"?>
<!-- Generated by org.testng.reporters.JUnitReportReporter -->
<testsuite hostname="Naveen" failures="0" tests="4" name="com.testninjalabs.qa.testcases.Register" time="17.240" errors="0" timestamp="2023-04-08T07:01:04 IST" skipped="0">
  <testcase classname="com.testninjalabs.qa.testcases.Register" name="verifyRegisteringAnAccountWithManadatoryFields" time="4.061"/>
  <system-out/>
  <testcase classname="com.testninjalabs.qa.testcases.Register" name="verifyRegisteringWithAllFields" time="5.228"/>
  <system-out/>
  <testcase classname="com.testninjalabs.qa.testcases.Register" name="verifyRegisteringAccountWithExistingEmailAddress" time="4.632"/>
  <system-out/>
  <testcase classname="com.testninjalabs.qa.testcases.Register" name="verifyRegisteringWithoutAnyFields" time="3.319"/>
  <system-out/>
</testsuite> <!-- com.testninjalabs.qa.testcases.Register -->
