<?xml version="1.0" encoding="UTF-8"?>
<!-- Generated by org.testng.reporters.JUnitReportReporter -->
<testsuite hostname="Naveen" failures="0" tests="1" name="com.testninjalabs.qa.testcases.Login" time="6.756" errors="0" timestamp="2023-05-18T06:42:29 IST" skipped="0">
  <testcase classname="com.testninjalabs.qa.testcases.Login" name="verifyLoginWithValidEmailInvalidPW" time="6.756"/>
  <system-out/>
</testsuite> <!-- com.testninjalabs.qa.testcases.Login -->
