<?xml version="1.0" encoding="UTF-8"?>
<!-- Generated by org.testng.reporters.JUnitReportReporter -->
<testsuite hostname="Naveen" failures="0" tests="1" name="com.testninjalabs.qa.testcases.Login" time="4.739" errors="0" timestamp="2023-03-28T22:26:39 IST" skipped="0">
  <testcase classname="com.testninjalabs.qa.testcases.Login" name="verifyLoginWithValidCreds" time="4.739"/>
  <system-out/>
</testsuite> <!-- com.testninjalabs.qa.testcases.Login -->
