<?xml version="1.0" encoding="UTF-8"?>
<!-- Generated by org.testng.reporters.JUnitReportReporter -->
<testsuite hostname="Naveen" failures="0" tests="1" name="com.testninjalabs.qa.testcases.Register" time="8.641" errors="0" timestamp="2023-05-24T23:44:11 IST" skipped="0">
  <testcase classname="com.testninjalabs.qa.testcases.Register" name="verifyRegisteringAnAccountWithManadatoryFields" time="8.641"/>
  <system-out/>
</testsuite> <!-- com.testninjalabs.qa.testcases.Register -->
